# JRE version: OpenJDK Runtime Environment (8.0_202) (build 1.8.0_202-release-1483-b49-5587405)
# Java VM: OpenJDK 64-Bit Server VM (25.202-b49-5587405 mixed mode linux-amd64 compressed oops)
Heap:
 PSYoungGen      total 290816K, used 242188K [0x00000000e0000000, 0x00000000f8b80000, 0x0000000100000000)
  eden space 256000K, 81% used [0x00000000e0000000,0x00000000eca86818,0x00000000efa00000)
  from space 34816K, 99% used [0x00000000efa00000,0x00000000f1bfcb30,0x00000000f1c00000)
  to   space 45056K, 49% used [0x00000000f5f80000,0x00000000f7537430,0x00000000f8b80000)
 ParOldGen       total 231424K, used 72703K [0x00000000a0000000, 0x00000000ae200000, 0x00000000e0000000)
  object space 231424K, 31% used [0x00000000a0000000,0x00000000a46ffef0,0x00000000ae200000)
 Metaspace       used 93286K, capacity 98420K, committed 98496K, reserved 1134592K
  class space    used 12328K, capacity 13237K, committed 13312K, reserved 1048576K
GC Heap History (10 events):
Event: 8.138 GC heap after
Heap after GC invocations=10 (full 3):
 PSYoungGen      total 220160K, used 0K [0x00000000e0000000, 0x00000000f3580000, 0x0000000100000000)
  eden space 202752K, 0% used [0x00000000e0000000,0x00000000e0000000,0x00000000ec600000)
  from space 17408K, 0% used [0x00000000ec600000,0x00000000ec600000,0x00000000ed700000)
  to   space 22528K, 0% used [0x00000000f1f80000,0x00000000f1f80000,0x00000000f3580000)
 ParOldGen       total 231424K, used 36930K [0x00000000a0000000, 0x00000000ae200000, 0x00000000e0000000)
  object space 231424K, 15% used [0x00000000a0000000,0x00000000a2410828,0x00000000ae200000)
 Metaspace       used 56887K, capacity 58742K, committed 59096K, reserved 1099776K
  class space    used 7641K, capacity 8052K, committed 8192K, reserved 1048576K
}
Event: 11.119 GC heap before
{Heap before GC invocations=11 (full 3):
 PSYoungGen      total 220160K, used 202752K [0x00000000e0000000, 0x00000000f3580000, 0x0000000100000000)
  eden space 202752K, 100% used [0x00000000e0000000,0x00000000ec600000,0x00000000ec600000)
  from space 17408K, 0% used [0x00000000ec600000,0x00000000ec600000,0x00000000ed700000)
  to   space 22528K, 0% used [0x00000000f1f80000,0x00000000f1f80000,0x00000000f3580000)
 ParOldGen       total 231424K, used 36930K [0x00000000a0000000, 0x00000000ae200000, 0x00000000e0000000)
  object space 231424K, 15% used [0x00000000a0000000,0x00000000a2410828,0x00000000ae200000)
 Metaspace       used 66537K, capacity 69342K, committed 69464K, reserved 1110016K
  class space    used 9022K, capacity 9596K, committed 9600K, reserved 1048576K
Event: 11.134 GC heap after
Heap after GC invocations=11 (full 3):
 PSYoungGen      total 293888K, used 16205K [0x00000000e0000000, 0x00000000f4300000, 0x0000000100000000)
  eden space 271360K, 0% used [0x00000000e0000000,0x00000000e0000000,0x00000000f0900000)
  from space 22528K, 71% used [0x00000000f1f80000,0x00000000f2f534e8,0x00000000f3580000)
  to   space 23040K, 0% used [0x00000000f0900000,0x00000000f0900000,0x00000000f1f80000)
 ParOldGen       total 231424K, used 36938K [0x00000000a0000000, 0x00000000ae200000, 0x00000000e0000000)
  object space 231424K, 15% used [0x00000000a0000000,0x00000000a2412828,0x00000000ae200000)
 Metaspace       used 66537K, capacity 69342K, committed 69464K, reserved 1110016K
  class space    used 9022K, capacity 9596K, committed 9600K, reserved 1048576K
}
Event: 148.449 GC heap before
{Heap before GC invocations=12 (full 3):
 PSYoungGen      total 293888K, used 287565K [0x00000000e0000000, 0x00000000f4300000, 0x0000000100000000)
  eden space 271360K, 100% used [0x00000000e0000000,0x00000000f0900000,0x00000000f0900000)
  from space 22528K, 71% used [0x00000000f1f80000,0x00000000f2f534e8,0x00000000f3580000)
  to   space 23040K, 0% used [0x00000000f0900000,0x00000000f0900000,0x00000000f1f80000)
 ParOldGen       total 231424K, used 36938K [0x00000000a0000000, 0x00000000ae200000, 0x00000000e0000000)
  object space 231424K, 15% used [0x00000000a0000000,0x00000000a2412828,0x00000000ae200000)
 Metaspace       used 75793K, capacity 78906K, committed 79192K, reserved 1118208K
  class space    used 9890K, capacity 10522K, committed 10624K, reserved 1048576K
Event: 148.469 GC heap after
Heap after GC invocations=12 (full 3):
 PSYoungGen      total 286720K, used 23029K [0x00000000e0000000, 0x00000000f3d80000, 0x0000000100000000)
  eden space 263680K, 0% used [0x00000000e0000000,0x00000000e0000000,0x00000000f0180000)
  from space 23040K, 99% used [0x00000000f0900000,0x00000000f1f7d598,0x00000000f1f80000)
  to   space 30720K, 0% used [0x00000000f1f80000,0x00000000f1f80000,0x00000000f3d80000)
 ParOldGen       total 231424K, used 48929K [0x00000000a0000000, 0x00000000ae200000, 0x00000000e0000000)
  object space 231424K, 21% used [0x00000000a0000000,0x00000000a2fc8678,0x00000000ae200000)
 Metaspace       used 75793K, capacity 78906K, committed 79192K, reserved 1118208K
  class space    used 9890K, capacity 10522K, committed 10624K, reserved 1048576K
}
Event: 150.485 GC heap before
{Heap before GC invocations=13 (full 3):
 PSYoungGen      total 286720K, used 286709K [0x00000000e0000000, 0x00000000f3d80000, 0x0000000100000000)
  eden space 263680K, 100% used [0x00000000e0000000,0x00000000f0180000,0x00000000f0180000)
  from space 23040K, 99% used [0x00000000f0900000,0x00000000f1f7d598,0x00000000f1f80000)
  to   space 30720K, 0% used [0x00000000f1f80000,0x00000000f1f80000,0x00000000f3d80000)
 ParOldGen       total 231424K, used 48929K [0x00000000a0000000, 0x00000000ae200000, 0x00000000e0000000)
  object space 231424K, 21% used [0x00000000a0000000,0x00000000a2fc8678,0x00000000ae200000)
 Metaspace       used 80795K, capacity 83972K, committed 84184K, reserved 1122304K
  class space    used 10500K, capacity 11165K, committed 11264K, reserved 1048576K
Event: 150.499 GC heap after
Heap after GC invocations=13 (full 3):
 PSYoungGen      total 286720K, used 30707K [0x00000000e0000000, 0x00000000f3e00000, 0x0000000100000000)
  eden space 256000K, 0% used [0x00000000e0000000,0x00000000e0000000,0x00000000efa00000)
  from space 30720K, 99% used [0x00000000f1f80000,0x00000000f3d7cf28,0x00000000f3d80000)
  to   space 34816K, 0% used [0x00000000efa00000,0x00000000efa00000,0x00000000f1c00000)
 ParOldGen       total 231424K, used 49164K [0x00000000a0000000, 0x00000000ae200000, 0x00000000e0000000)
  object space 231424K, 21% used [0x00000000a0000000,0x00000000a3003068,0x00000000ae200000)
 Metaspace       used 80795K, capacity 83972K, committed 84184K, reserved 1122304K
  class space    used 10500K, capacity 11165K, committed 11264K, reserved 1048576K
}
Event: 152.491 GC heap before
{Heap before GC invocations=14 (full 3):
 PSYoungGen      total 286720K, used 286707K [0x00000000e0000000, 0x00000000f3e00000, 0x0000000100000000)
  eden space 256000K, 99% used [0x00000000e0000000,0x00000000ef9fff38,0x00000000efa00000)
  from space 30720K, 99% used [0x00000000f1f80000,0x00000000f3d7cf28,0x00000000f3d80000)
  to   space 34816K, 0% used [0x00000000efa00000,0x00000000efa00000,0x00000000f1c00000)
 ParOldGen       total 231424K, used 49164K [0x00000000a0000000, 0x00000000ae200000, 0x00000000e0000000)
  object space 231424K, 21% used [0x00000000a0000000,0x00000000a3003068,0x00000000ae200000)
 Metaspace       used 91362K, capacity 96184K, committed 96472K, reserved 1132544K
  class space    used 12077K, capacity 12959K, committed 13056K, reserved 1048576K
Event: 152.519 GC heap after
Heap after GC invocations=14 (full 3):
 PSYoungGen      total 290816K, used 34802K [0x00000000e0000000, 0x00000000f8b80000, 0x0000000100000000)
  eden space 256000K, 0% used [0x00000000e0000000,0x00000000e0000000,0x00000000efa00000)
  from space 34816K, 99% used [0x00000000efa00000,0x00000000f1bfcb30,0x00000000f1c00000)
  to   space 45056K, 0% used [0x00000000f5f80000,0x00000000f5f80000,0x00000000f8b80000)
 ParOldGen       total 231424K, used 64223K [0x00000000a0000000, 0x00000000ae200000, 0x00000000e0000000)
  object space 231424K, 27% used [0x00000000a0000000,0x00000000a3eb7d20,0x00000000ae200000)
 Metaspace       used 91362K, capacity 96184K, committed 96472K, reserved 1132544K
  class space    used 12077K, capacity 12959K, committed 13056K, reserved 1048576K
}
Event: 153.839 GC heap before
{Heap before GC invocations=15 (full 3):
 PSYoungGen      total 290816K, used 242188K [0x00000000e0000000, 0x00000000f8b80000, 0x0000000100000000)
  eden space 256000K, 81% used [0x00000000e0000000,0x00000000eca86818,0x00000000efa00000)
  from space 34816K, 99% used [0x00000000efa00000,0x00000000f1bfcb30,0x00000000f1c00000)
  to   space 45056K, 0% used [0x00000000f5f80000,0x00000000f5f80000,0x00000000f8b80000)
 ParOldGen       total 231424K, used 64223K [0x00000000a0000000, 0x00000000ae200000, 0x00000000e0000000)
  object space 231424K, 27% used [0x00000000a0000000,0x00000000a3eb7d20,0x00000000ae200000)
 Metaspace       used 93286K, capacity 98420K, committed 98496K, reserved 1134592K
  class space    used 12328K, capacity 13237K, committed 13312K, reserved 1048576K

